Drill Listing
=============
Drill: .00984  Tool: 1  Feed: 0  Speed: 0
X 1930118  Y 1875000
X 1930118  Y 1880905
X 1930118  Y 1898622
X 1903543  Y 1906496
X 1929133  Y 1911417
X 1948425  Y 1933858
X 1940944  Y 1946850
X 1935039  Y 1952755
X 1948818  Y 1954724
X 1964566  Y 1992125
X 1972440  Y 1992125
X 1974409  Y 1966535
X 1972440  Y 1948818
X 1972440  Y 1942913
X 1950787  Y 1938976
X 1972440  Y 1937007
X 1964566  Y 1913385
X 1956692  Y 1913385
X 1990157  Y 1905511
X 1998031  Y 1919291
X 1986220  Y 1929133
X 1976377  Y 1933070
X 1986220  Y 1937007
X 1976377  Y 1938976
X 1976377  Y 1944881
X 1982283  Y 1956692
X 1978346  Y 1960629
X 1982283  Y 1966535
X 1980314  Y 1992125
X 1988188  Y 1992125
X 1996062  Y 1992125
X 1976377  Y 2013779
X 1984251  Y 2013779
X 1992125  Y 2013779
X 2000000  Y 2013779
X 2005905  Y 1986220
X 2003937  Y 1966535
X 2039370  Y 1899606

Drill: .01969  Tool: 2  Feed: 95  Speed: 300
X 1956692  Y 1956692
X 1964566  Y 1956692
X 1972440  Y 2009842
X 1966535  Y 2039370
X 1974409  Y 2039370
X 1974409  Y 2047244
X 1982283  Y 2055118
X 1990157  Y 2055118
X 1998031  Y 2055118
X 1982283  Y 2047244
X 1990157  Y 2047244
X 1998031  Y 2047244
X 1982283  Y 2039370
X 1990157  Y 2039370
X 1998031  Y 2039370
X 1988188  Y 2017716
X 1996062  Y 2017716
X 1980314  Y 2017716
X 1996062  Y 2009842
X 1980314  Y 2009842
X 1988188  Y 2009842
X 2033464  Y 1919291
X 2041338  Y 1931102
X 2041338  Y 1940944
X 2033464  Y 1946850
X 2033464  Y 1952755
X 2033464  Y 1958661
X 2033464  Y 1966535
X 2033464  Y 1972440
X 2037401  Y 1988188
X 2045275  Y 1988188
X 2009842  Y 2017716
X 2045275  Y 2017716
X 2037401  Y 2017716
X 2045275  Y 2047244
X 2005905  Y 2047244
X 2013779  Y 2047244
X 2037401  Y 2047244
X 2057086  Y 2055118
X 2053149  Y 2047244
X 2061023  Y 2047244
X 2068897  Y 2047244
X 2053149  Y 2017716
X 2061023  Y 2017716
X 2068897  Y 2017716
X 2061023  Y 2007874
X 2068897  Y 2007874
X 2068897  Y 1998031
X 2061023  Y 1998031
X 2053149  Y 1988188
X 2072834  Y 1937007
X 2064960  Y 1937007
X 2072834  Y 1929133
X 2072834  Y 1921259
X 2072834  Y 1913385
X 2080708  Y 1913385
X 2080708  Y 1921259
X 2080708  Y 1929133
X 2080708  Y 1937007

Drill: .0315  Tool: 3  Feed: 197  Speed: 550
X 1925196  Y 1864173
X 1915354  Y 1864173
X 1935039  Y 1864173

Drill: .03937  Tool: 4  Feed: 197  Speed: 550
X 1870078  Y 1907480
X 1850393  Y 1921259
X 1850393  Y 1937007
X 1872047  Y 1988188
X 1852362  Y 1988188
X 1850393  Y 2011811
X 1872047  Y 2035433
X 1852362  Y 2035433
X 1909448  Y 2068897
X 1921259  Y 2059055
X 1911417  Y 2039370
X 1901574  Y 2025590
X 1917322  Y 2025590
X 1907480  Y 2007874
X 1921259  Y 1998031
X 1907480  Y 1980314
X 1917322  Y 1972440
X 1907480  Y 1962598
X 1972440  Y 1879921
X 1960629  Y 1909448
X 1960629  Y 1917322
X 1927165  Y 1962598
X 1927165  Y 1980314
X 1935039  Y 1998031
X 1950787  Y 2007874
X 1933070  Y 2025590
X 1927165  Y 2039370
X 1942913  Y 2039370
X 1933070  Y 2059055
X 1970472  Y 2066929
X 1948818  Y 2068897
X 2064960  Y 2035433
X 2064960  Y 1988188
X 2057086  Y 1962598
X 2072834  Y 1962598
X 2064960  Y 1903543
X 2072834  Y 1895669
X 2064960  Y 1887795
X 2064960  Y 1864173
X 2080708  Y 1887795
X 2080708  Y 1903543
X 2092519  Y 1974409
X 2084645  Y 1988188
X 2092519  Y 2000000
X 2092519  Y 2023622
X 2084645  Y 2035433
X 2092519  Y 2047244

Drill: .04  Tool: 5  Feed: 139  Speed: 550
X 1877952  Y 1866141
X 1887952  Y 1866141

Drill: .06299  Tool: 6  Feed: 89  Speed: 550
X 1881889  Y 1921338
X 1881889  Y 1936929
X 2055118  Y 1936929
X 2055118  Y 1921338

End of Listing
