Drill Listing
=============
Drill: .03937  Tool: 1  Feed: 197  Speed: 550
X 1915354  Y 1962598
X 1927165  Y 1962598
X 1964173  Y 1954724
X 1964173  Y 1964566
X 2007874  Y 1962598
X 2021653  Y 1962598
X 2021653  Y 1976377
X 2007874  Y 1976377
X 1964173  Y 1982283
X 1964173  Y 1972440
X 1927165  Y 1976377
X 1915354  Y 1976377

Drill: .04  Tool: 2  Feed: 139  Speed: 550
X 1944881  Y 1964409
X 1944881  Y 1974409

Drill: .05906  Tool: 3  Feed: 107  Speed: 550
X 1975787  Y 1942637 X 1971850  Y 1942637
X 1975787  Y 1994370 X 1971850  Y 1994370

End of Listing
